2026-02-21 12:27:02  INFO      main            ==================================================
2026-02-21 12:27:02  INFO      main            FOREX LIVE MONITOR STARTED
2026-02-21 12:27:02  INFO      main            Checking every 15 minutes for Hammer at NW Band
2026-02-21 12:27:02  INFO      main            Instruments: Forex, BTC, ETH, Gold, Silver
2026-02-21 12:27:02  INFO      main            Alerts ONLY when Inverted Hammer at band
2026-02-21 12:27:02  INFO      main            ==================================================
2026-02-21 12:27:02  INFO      main            ──────────────────────────────────────────────────
2026-02-21 12:27:02  INFO      main            FOREX scan at 12:27:02
2026-02-21 12:27:02  INFO      main            ──────────────────────────────────────────────────
2026-02-21 12:27:02  INFO      forex.scanner   FOREX: Scanning 12 instruments at 12:27:02
2026-02-21 12:27:05  INFO      forex.scanner   FOREX scan done. 0 hammer-at-band signal(s).
2026-02-21 12:27:05  INFO      main            No hammer at band right now.
2026-02-21 12:42:12  INFO      main            ──────────────────────────────────────────────────
2026-02-21 12:42:12  INFO      main            FOREX scan at 12:42:12
2026-02-21 12:42:12  INFO      main            ──────────────────────────────────────────────────
2026-02-21 12:42:12  INFO      forex.scanner   FOREX: Scanning 12 instruments at 12:42:12
2026-02-21 12:42:19  INFO      forex.scanner   FOREX scan done. 0 hammer-at-band signal(s).
2026-02-21 12:42:19  INFO      main            No hammer at band right now.
2026-02-21 12:57:26  INFO      main            ──────────────────────────────────────────────────
2026-02-21 12:57:26  INFO      main            FOREX scan at 12:57:26
2026-02-21 12:57:26  INFO      main            ──────────────────────────────────────────────────
2026-02-21 12:57:26  INFO      forex.scanner   FOREX: Scanning 12 instruments at 12:57:26
2026-02-21 12:57:28  INFO      forex.scanner   FOREX scan done. 0 hammer-at-band signal(s).
2026-02-21 12:57:28  INFO      main            No hammer at band right now.
2026-02-21 13:12:35  INFO      main            ──────────────────────────────────────────────────
2026-02-21 13:12:35  INFO      main            FOREX scan at 13:12:35
2026-02-21 13:12:35  INFO      main            ──────────────────────────────────────────────────
2026-02-21 13:12:35  INFO      forex.scanner   FOREX: Scanning 12 instruments at 13:12:35
2026-02-21 13:12:37  INFO      forex.scanner   FOREX scan done. 0 hammer-at-band signal(s).
2026-02-21 13:12:37  INFO      main            No hammer at band right now.
2026-02-21 13:37:28  INFO      main            ──────────────────────────────────────────────────
2026-02-21 13:37:28  INFO      main            FOREX scan at 13:37:28
2026-02-21 13:37:28  INFO      main            ──────────────────────────────────────────────────
2026-02-21 13:37:28  INFO      forex.scanner   FOREX: Scanning 12 instruments at 13:37:28
2026-02-21 13:37:53  INFO      forex.scanner   FOREX scan done. 0 hammer-at-band signal(s).
2026-02-21 13:37:53  INFO      main            No hammer at band right now.
2026-02-21 14:21:02  INFO      main            ──────────────────────────────────────────────────
2026-02-21 14:21:02  INFO      main            FOREX scan at 14:21:02
2026-02-21 14:21:02  INFO      main            ──────────────────────────────────────────────────
2026-02-21 14:21:02  INFO      forex.scanner   FOREX: Scanning 12 instruments at 14:21:02
2026-02-21 14:25:48  ERROR     forex.scanner   Error fetching USDCHF=X: 'NoneType' object is not subscriptable
2026-02-21 14:25:55  INFO      forex.scanner   FOREX scan done. 0 hammer-at-band signal(s).
2026-02-21 14:25:55  INFO      main            No hammer at band right now.
2026-02-21 14:41:01  INFO      main            ──────────────────────────────────────────────────
2026-02-21 14:41:01  INFO      main            FOREX scan at 14:41:01
2026-02-21 14:41:01  INFO      main            ──────────────────────────────────────────────────
2026-02-21 14:41:01  INFO      forex.scanner   FOREX: Scanning 12 instruments at 14:41:01
2026-02-21 14:41:16  INFO      forex.scanner   FOREX scan done. 0 hammer-at-band signal(s).
2026-02-21 14:41:16  INFO      main            No hammer at band right now.
2026-02-21 14:56:23  INFO      main            ──────────────────────────────────────────────────
2026-02-21 14:56:23  INFO      main            FOREX scan at 14:56:23
2026-02-21 14:56:23  INFO      main            ──────────────────────────────────────────────────
2026-02-21 14:56:23  INFO      forex.scanner   FOREX: Scanning 12 instruments at 14:56:23
2026-02-21 14:56:30  INFO      forex.scanner   FOREX scan done. 0 hammer-at-band signal(s).
2026-02-21 14:56:30  INFO      main            No hammer at band right now.
2026-02-21 15:11:36  INFO      main            ──────────────────────────────────────────────────
2026-02-21 15:11:36  INFO      main            FOREX scan at 15:11:36
2026-02-21 15:11:36  INFO      main            ──────────────────────────────────────────────────
2026-02-21 15:11:36  INFO      forex.scanner   FOREX: Scanning 12 instruments at 15:11:36
2026-02-21 15:11:38  INFO      forex.scanner   FOREX scan done. 0 hammer-at-band signal(s).
2026-02-21 15:11:38  INFO      main            No hammer at band right now.
2026-02-21 15:26:46  INFO      main            ──────────────────────────────────────────────────
2026-02-21 15:26:46  INFO      main            FOREX scan at 15:26:46
2026-02-21 15:26:46  INFO      main            ──────────────────────────────────────────────────
2026-02-21 15:26:46  INFO      forex.scanner   FOREX: Scanning 12 instruments at 15:26:46
2026-02-21 15:26:48  INFO      forex.scanner   FOREX scan done. 0 hammer-at-band signal(s).
2026-02-21 15:26:48  INFO      main            No hammer at band right now.
2026-02-21 15:41:55  INFO      main            ──────────────────────────────────────────────────
2026-02-21 15:41:55  INFO      main            FOREX scan at 15:41:55
2026-02-21 15:41:55  INFO      main            ──────────────────────────────────────────────────
2026-02-21 15:41:55  INFO      forex.scanner   FOREX: Scanning 12 instruments at 15:41:55
2026-02-21 15:41:57  INFO      forex.scanner   FOREX scan done. 0 hammer-at-band signal(s).
2026-02-21 15:41:57  INFO      main            No hammer at band right now.
2026-02-21 16:29:11  INFO      main            ──────────────────────────────────────────────────
2026-02-21 16:29:11  INFO      main            FOREX scan at 16:29:11
2026-02-21 16:29:11  INFO      main            ──────────────────────────────────────────────────
2026-02-21 16:29:11  INFO      forex.scanner   FOREX: Scanning 12 instruments at 16:29:11
2026-02-21 16:29:23  INFO      forex.scanner   FOREX scan done. 0 hammer-at-band signal(s).
2026-02-21 16:29:23  INFO      main            No hammer at band right now.
2026-02-21 16:46:22  INFO      main            ──────────────────────────────────────────────────
2026-02-21 16:46:22  INFO      main            FOREX scan at 16:46:22
2026-02-21 16:46:22  INFO      main            ──────────────────────────────────────────────────
2026-02-21 16:46:22  INFO      forex.scanner   FOREX: Scanning 12 instruments at 16:46:22
2026-02-21 17:02:55  ERROR     forex.scanner   Error fetching EURUSD=X: 'NoneType' object is not subscriptable
2026-02-21 17:02:57  INFO      forex.scanner   FOREX scan done. 0 hammer-at-band signal(s).
2026-02-21 17:02:57  INFO      main            No hammer at band right now.
2026-02-21 17:36:52  INFO      main            ──────────────────────────────────────────────────
2026-02-21 17:36:52  INFO      main            FOREX scan at 17:36:52
2026-02-21 17:36:52  INFO      main            ──────────────────────────────────────────────────
2026-02-21 17:36:52  INFO      forex.scanner   FOREX: Scanning 12 instruments at 17:36:52
2026-02-21 17:36:54  INFO      forex.scanner   FOREX scan done. 0 hammer-at-band signal(s).
2026-02-21 17:36:54  INFO      main            No hammer at band right now.
2026-02-21 17:55:27  INFO      main            ──────────────────────────────────────────────────
2026-02-21 17:55:27  INFO      main            FOREX scan at 17:55:27
2026-02-21 17:55:27  INFO      main            ──────────────────────────────────────────────────
2026-02-21 17:55:27  INFO      forex.scanner   FOREX: Scanning 12 instruments at 17:55:27
2026-02-21 17:55:30  INFO      forex.scanner   FOREX scan done. 0 hammer-at-band signal(s).
2026-02-21 17:55:30  INFO      main            No hammer at band right now.
2026-02-21 18:27:28  INFO      main            ──────────────────────────────────────────────────
2026-02-21 18:27:28  INFO      main            FOREX scan at 18:27:28
2026-02-21 18:27:28  INFO      main            ──────────────────────────────────────────────────
2026-02-21 18:27:28  INFO      forex.scanner   FOREX: Scanning 12 instruments at 18:27:28
2026-02-21 18:43:32  ERROR     forex.scanner   Error fetching NZDUSD=X: 'NoneType' object is not subscriptable
2026-02-21 18:43:33  INFO      forex.scanner   FOREX scan done. 0 hammer-at-band signal(s).
2026-02-21 18:43:33  INFO      main            No hammer at band right now.
2026-02-21 19:11:39  INFO      main            ──────────────────────────────────────────────────
2026-02-21 19:11:39  INFO      main            FOREX scan at 19:11:39
2026-02-21 19:11:39  INFO      main            ──────────────────────────────────────────────────
2026-02-21 19:11:39  INFO      forex.scanner   FOREX: Scanning 12 instruments at 19:11:39
2026-02-21 19:29:08  ERROR     forex.scanner   Error fetching EURUSD=X: 'NoneType' object is not subscriptable
2026-02-21 19:29:10  INFO      forex.scanner   FOREX scan done. 0 hammer-at-band signal(s).
2026-02-21 19:29:10  INFO      main            No hammer at band right now.
2026-02-21 19:44:57  INFO      main            ──────────────────────────────────────────────────
2026-02-21 19:44:57  INFO      main            FOREX scan at 19:44:57
2026-02-21 19:44:57  INFO      main            ──────────────────────────────────────────────────
2026-02-21 19:44:57  INFO      forex.scanner   FOREX: Scanning 12 instruments at 19:44:57
2026-02-21 19:45:03  INFO      forex.scanner   FOREX scan done. 0 hammer-at-band signal(s).
2026-02-21 19:45:03  INFO      main            No hammer at band right now.
2026-02-21 20:04:00  INFO      main            ──────────────────────────────────────────────────
2026-02-21 20:04:00  INFO      main            FOREX scan at 20:04:00
2026-02-21 20:04:00  INFO      main            ──────────────────────────────────────────────────
2026-02-21 20:04:00  INFO      forex.scanner   FOREX: Scanning 12 instruments at 20:04:00
2026-02-21 20:16:40  ERROR     forex.scanner   Error fetching EURUSD=X: 'NoneType' object is not subscriptable
2026-02-21 20:16:43  INFO      forex.scanner   FOREX scan done. 0 hammer-at-band signal(s).
2026-02-21 20:16:43  INFO      main            No hammer at band right now.
2026-02-21 20:31:43  INFO      main            ──────────────────────────────────────────────────
2026-02-21 20:31:43  INFO      main            FOREX scan at 20:31:43
2026-02-21 20:31:43  INFO      main            ──────────────────────────────────────────────────
2026-02-21 20:31:43  INFO      forex.scanner   FOREX: Scanning 12 instruments at 20:31:43
2026-02-21 20:31:45  INFO      forex.scanner   FOREX scan done. 0 hammer-at-band signal(s).
2026-02-21 20:31:45  INFO      main            No hammer at band right now.
2026-02-21 20:46:50  INFO      main            ──────────────────────────────────────────────────
2026-02-21 20:46:50  INFO      main            FOREX scan at 20:46:50
2026-02-21 20:46:50  INFO      main            ──────────────────────────────────────────────────
2026-02-21 20:46:50  INFO      forex.scanner   FOREX: Scanning 12 instruments at 20:46:50
2026-02-21 20:46:52  INFO      forex.scanner   FOREX scan done. 0 hammer-at-band signal(s).
2026-02-21 20:46:52  INFO      main            No hammer at band right now.
2026-02-21 21:02:00  INFO      main            ──────────────────────────────────────────────────
2026-02-21 21:02:00  INFO      main            FOREX scan at 21:02:00
2026-02-21 21:02:00  INFO      main            ──────────────────────────────────────────────────
2026-02-21 21:02:00  INFO      forex.scanner   FOREX: Scanning 12 instruments at 21:02:00
2026-02-21 21:02:02  INFO      forex.scanner   FOREX scan done. 0 hammer-at-band signal(s).
2026-02-21 21:02:02  INFO      main            No hammer at band right now.
2026-02-21 21:44:40  INFO      main            ──────────────────────────────────────────────────
2026-02-21 21:44:40  INFO      main            FOREX scan at 21:44:40
2026-02-21 21:44:40  INFO      main            ──────────────────────────────────────────────────
2026-02-21 21:44:40  INFO      forex.scanner   FOREX: Scanning 12 instruments at 21:44:40
2026-02-21 21:44:47  INFO      forex.scanner   FOREX scan done. 0 hammer-at-band signal(s).
2026-02-21 21:44:47  INFO      main            No hammer at band right now.
2026-02-21 22:00:51  INFO      main            ──────────────────────────────────────────────────
2026-02-21 22:00:51  INFO      main            FOREX scan at 22:00:51
2026-02-21 22:00:51  INFO      main            ──────────────────────────────────────────────────
2026-02-21 22:00:51  INFO      forex.scanner   FOREX: Scanning 12 instruments at 22:00:51
2026-02-21 22:00:54  INFO      forex.scanner   FOREX scan done. 0 hammer-at-band signal(s).
2026-02-21 22:00:54  INFO      main            No hammer at band right now.
2026-02-21 22:36:41  INFO      main            ──────────────────────────────────────────────────
2026-02-21 22:36:41  INFO      main            FOREX scan at 22:36:41
2026-02-21 22:36:41  INFO      main            ──────────────────────────────────────────────────
2026-02-21 22:36:41  INFO      forex.scanner   FOREX: Scanning 12 instruments at 22:36:41
2026-02-21 22:52:25  ERROR     forex.scanner   Error fetching USDT-USD: 'NoneType' object is not subscriptable
2026-02-21 22:52:26  INFO      forex.scanner   FOREX scan done. 0 hammer-at-band signal(s).
2026-02-21 22:52:26  INFO      main            No hammer at band right now.
2026-02-21 23:13:59  INFO      main            ──────────────────────────────────────────────────
2026-02-21 23:13:59  INFO      main            FOREX scan at 23:13:59
2026-02-21 23:13:59  INFO      main            ──────────────────────────────────────────────────
2026-02-21 23:13:59  INFO      forex.scanner   FOREX: Scanning 12 instruments at 23:13:59
2026-02-21 23:14:01  INFO      forex.scanner   FOREX scan done. 0 hammer-at-band signal(s).
2026-02-21 23:14:01  INFO      main            No hammer at band right now.
2026-02-22 00:01:06  INFO      main            ──────────────────────────────────────────────────
2026-02-22 00:01:06  INFO      main            FOREX scan at 00:01:06
2026-02-22 00:01:06  INFO      main            ──────────────────────────────────────────────────
2026-02-22 00:01:06  INFO      forex.scanner   FOREX: Scanning 12 instruments at 00:01:06
2026-02-22 00:18:48  ERROR     forex.scanner   Error fetching EURUSD=X: 'NoneType' object is not subscriptable
2026-02-22 00:18:50  INFO      forex.scanner   FOREX scan done. 0 hammer-at-band signal(s).
2026-02-22 00:18:50  INFO      main            No hammer at band right now.
2026-02-22 00:35:02  INFO      main            ──────────────────────────────────────────────────
2026-02-22 00:35:02  INFO      main            FOREX scan at 00:35:02
2026-02-22 00:35:02  INFO      main            ──────────────────────────────────────────────────
2026-02-22 00:35:02  INFO      forex.scanner   FOREX: Scanning 12 instruments at 00:35:02
2026-02-22 00:35:04  INFO      forex.scanner   FOREX scan done. 0 hammer-at-band signal(s).
2026-02-22 00:35:04  INFO      main            No hammer at band right now.
2026-02-22 01:10:36  INFO      main            ──────────────────────────────────────────────────
2026-02-22 01:10:36  INFO      main            FOREX scan at 01:10:36
2026-02-22 01:10:36  INFO      main            ──────────────────────────────────────────────────
2026-02-22 01:10:36  INFO      forex.scanner   FOREX: Scanning 12 instruments at 01:10:36
2026-02-22 01:10:38  INFO      forex.scanner   FOREX scan done. 0 hammer-at-band signal(s).
2026-02-22 01:10:38  INFO      main            No hammer at band right now.
2026-02-22 01:28:55  INFO      main            ──────────────────────────────────────────────────
2026-02-22 01:28:55  INFO      main            FOREX scan at 01:28:55
2026-02-22 01:28:55  INFO      main            ──────────────────────────────────────────────────
2026-02-22 01:28:55  INFO      forex.scanner   FOREX: Scanning 12 instruments at 01:28:55
2026-02-22 01:29:00  INFO      forex.scanner   FOREX scan done. 0 hammer-at-band signal(s).
2026-02-22 01:29:00  INFO      main            No hammer at band right now.
2026-02-22 02:01:34  INFO      main            ──────────────────────────────────────────────────
2026-02-22 02:01:34  INFO      main            FOREX scan at 02:01:34
2026-02-22 02:01:34  INFO      main            ──────────────────────────────────────────────────
2026-02-22 02:01:34  INFO      forex.scanner   FOREX: Scanning 12 instruments at 02:01:34
2026-02-22 02:01:35  INFO      forex.scanner   FOREX scan done. 0 hammer-at-band signal(s).
2026-02-22 02:01:35  INFO      main            No hammer at band right now.
2026-02-22 02:33:27  INFO      main            ──────────────────────────────────────────────────
2026-02-22 02:33:27  INFO      main            FOREX scan at 02:33:27
2026-02-22 02:33:27  INFO      main            ──────────────────────────────────────────────────
2026-02-22 02:33:27  INFO      forex.scanner   FOREX: Scanning 12 instruments at 02:33:27
2026-02-22 02:49:12  ERROR     forex.scanner   Error fetching USDCAD=X: 'NoneType' object is not subscriptable
2026-02-22 02:49:13  INFO      forex.scanner   FOREX scan done. 0 hammer-at-band signal(s).
2026-02-22 02:49:13  INFO      main            No hammer at band right now.
2026-02-22 03:22:15  INFO      main            ──────────────────────────────────────────────────
2026-02-22 03:22:15  INFO      main            FOREX scan at 03:22:15
2026-02-22 03:22:15  INFO      main            ──────────────────────────────────────────────────
2026-02-22 03:22:15  INFO      forex.scanner   FOREX: Scanning 12 instruments at 03:22:15
2026-02-22 03:22:17  INFO      forex.scanner   FOREX scan done. 0 hammer-at-band signal(s).
2026-02-22 03:22:17  INFO      main            No hammer at band right now.
2026-02-22 03:57:15  INFO      main            ──────────────────────────────────────────────────
2026-02-22 03:57:15  INFO      main            FOREX scan at 03:57:15
2026-02-22 03:57:15  INFO      main            ──────────────────────────────────────────────────
2026-02-22 03:57:15  INFO      forex.scanner   FOREX: Scanning 12 instruments at 03:57:15
2026-02-22 03:57:17  INFO      forex.scanner   FOREX scan done. 0 hammer-at-band signal(s).
2026-02-22 03:57:17  INFO      main            No hammer at band right now.
2026-02-22 04:29:54  INFO      main            ──────────────────────────────────────────────────
2026-02-22 04:29:54  INFO      main            FOREX scan at 04:29:54
2026-02-22 04:29:54  INFO      main            ──────────────────────────────────────────────────
2026-02-22 04:29:54  INFO      forex.scanner   FOREX: Scanning 12 instruments at 04:29:54
2026-02-22 04:29:56  INFO      forex.scanner   FOREX scan done. 0 hammer-at-band signal(s).
2026-02-22 04:29:56  INFO      main            No hammer at band right now.
2026-02-22 05:04:14  INFO      main            ──────────────────────────────────────────────────
2026-02-22 05:04:14  INFO      main            FOREX scan at 05:04:14
2026-02-22 05:04:14  INFO      main            ──────────────────────────────────────────────────
2026-02-22 05:04:14  INFO      forex.scanner   FOREX: Scanning 12 instruments at 05:04:14
2026-02-22 05:04:17  INFO      forex.scanner   FOREX scan done. 0 hammer-at-band signal(s).
2026-02-22 05:04:17  INFO      main            No hammer at band right now.
2026-02-22 05:24:40  INFO      main            ──────────────────────────────────────────────────
2026-02-22 05:24:40  INFO      main            FOREX scan at 05:24:40
2026-02-22 05:24:40  INFO      main            ──────────────────────────────────────────────────
2026-02-22 05:24:40  INFO      forex.scanner   FOREX: Scanning 12 instruments at 05:24:40
2026-02-22 05:24:44  INFO      forex.scanner   FOREX scan done. 0 hammer-at-band signal(s).
2026-02-22 05:24:44  INFO      main            No hammer at band right now.
2026-02-22 05:43:52  INFO      main            ──────────────────────────────────────────────────
2026-02-22 05:43:52  INFO      main            FOREX scan at 05:43:52
2026-02-22 05:43:52  INFO      main            ──────────────────────────────────────────────────
2026-02-22 05:43:52  INFO      forex.scanner   FOREX: Scanning 12 instruments at 05:43:52
2026-02-22 05:43:54  INFO      forex.scanner   FOREX scan done. 0 hammer-at-band signal(s).
2026-02-22 05:43:54  INFO      main            No hammer at band right now.
2026-02-22 06:16:14  INFO      main            ──────────────────────────────────────────────────
2026-02-22 06:16:14  INFO      main            FOREX scan at 06:16:14
2026-02-22 06:16:14  INFO      main            ──────────────────────────────────────────────────
2026-02-22 06:16:14  INFO      forex.scanner   FOREX: Scanning 12 instruments at 06:16:14
2026-02-22 06:16:16  INFO      forex.scanner   FOREX scan done. 0 hammer-at-band signal(s).
2026-02-22 06:16:16  INFO      main            No hammer at band right now.
2026-02-22 06:48:34  INFO      main            ──────────────────────────────────────────────────
2026-02-22 06:48:34  INFO      main            FOREX scan at 06:48:34
2026-02-22 06:48:34  INFO      main            ──────────────────────────────────────────────────
2026-02-22 06:48:34  INFO      forex.scanner   FOREX: Scanning 12 instruments at 06:48:34
2026-02-22 06:48:36  INFO      forex.scanner   FOREX scan done. 0 hammer-at-band signal(s).
2026-02-22 06:48:36  INFO      main            No hammer at band right now.
2026-02-22 07:22:45  INFO      main            ──────────────────────────────────────────────────
2026-02-22 07:22:45  INFO      main            FOREX scan at 07:22:45
2026-02-22 07:22:45  INFO      main            ──────────────────────────────────────────────────
2026-02-22 07:22:45  INFO      forex.scanner   FOREX: Scanning 12 instruments at 07:22:45
2026-02-22 07:22:47  INFO      forex.scanner   FOREX scan done. 0 hammer-at-band signal(s).
2026-02-22 07:22:47  INFO      main            No hammer at band right now.
2026-02-22 07:59:01  INFO      main            ──────────────────────────────────────────────────
2026-02-22 07:59:02  INFO      main            FOREX scan at 07:59:02
2026-02-22 07:59:02  INFO      main            ──────────────────────────────────────────────────
2026-02-22 07:59:02  INFO      forex.scanner   FOREX: Scanning 12 instruments at 07:59:02
2026-02-22 07:59:03  INFO      forex.scanner   FOREX scan done. 0 hammer-at-band signal(s).
2026-02-22 07:59:03  INFO      main            No hammer at band right now.
2026-02-22 08:28:52  INFO      main            ──────────────────────────────────────────────────
2026-02-22 08:28:52  INFO      main            FOREX scan at 08:28:52
2026-02-22 08:28:52  INFO      main            ──────────────────────────────────────────────────
2026-02-22 08:28:52  INFO      forex.scanner   FOREX: Scanning 12 instruments at 08:28:52
2026-02-22 08:28:54  INFO      forex.scanner   FOREX scan done. 0 hammer-at-band signal(s).
2026-02-22 08:28:54  INFO      main            No hammer at band right now.
2026-02-22 08:44:00  INFO      main            ──────────────────────────────────────────────────
2026-02-22 08:44:00  INFO      main            FOREX scan at 08:44:00
2026-02-22 08:44:00  INFO      main            ──────────────────────────────────────────────────
2026-02-22 08:44:00  INFO      forex.scanner   FOREX: Scanning 12 instruments at 08:44:00
2026-02-22 08:44:03  INFO      forex.scanner   FOREX scan done. 0 hammer-at-band signal(s).
2026-02-22 08:44:03  INFO      main            No hammer at band right now.
2026-02-22 09:19:19  INFO      main            ──────────────────────────────────────────────────
2026-02-22 09:19:19  INFO      main            FOREX scan at 09:19:19
2026-02-22 09:19:19  INFO      main            ──────────────────────────────────────────────────
2026-02-22 09:19:19  INFO      forex.scanner   FOREX: Scanning 12 instruments at 09:19:19
2026-02-22 09:29:49  ERROR     forex.scanner   Error fetching USDCHF=X: 'NoneType' object is not subscriptable
2026-02-22 09:29:51  INFO      forex.scanner   FOREX scan done. 0 hammer-at-band signal(s).
2026-02-22 09:29:51  INFO      main            No hammer at band right now.
2026-02-22 10:02:02  INFO      main            ──────────────────────────────────────────────────
2026-02-22 10:02:02  INFO      main            FOREX scan at 10:02:02
2026-02-22 10:02:02  INFO      main            ──────────────────────────────────────────────────
2026-02-22 10:02:02  INFO      forex.scanner   FOREX: Scanning 12 instruments at 10:02:02
2026-02-22 10:18:19  ERROR     forex.scanner   Error fetching USDJPY=X: 'NoneType' object is not subscriptable
2026-02-22 10:18:21  INFO      forex.scanner   FOREX scan done. 0 hammer-at-band signal(s).
2026-02-22 10:18:21  INFO      main            No hammer at band right now.
2026-02-22 11:06:22  INFO      main            ──────────────────────────────────────────────────
2026-02-22 11:06:22  INFO      main            FOREX scan at 11:06:22
2026-02-22 11:06:22  INFO      main            ──────────────────────────────────────────────────
2026-02-22 11:06:22  INFO      forex.scanner   FOREX: Scanning 12 instruments at 11:06:22
2026-02-22 11:23:40  ERROR     forex.scanner   Error fetching USDT-USD: 'NoneType' object is not subscriptable
2026-02-22 11:23:41  INFO      forex.scanner   FOREX scan done. 0 hammer-at-band signal(s).
2026-02-22 11:23:41  INFO      main            No hammer at band right now.
2026-02-22 11:48:33  INFO      main            ──────────────────────────────────────────────────
2026-02-22 11:48:33  INFO      main            FOREX scan at 11:48:33
2026-02-22 11:48:33  INFO      main            ──────────────────────────────────────────────────
2026-02-22 11:48:33  INFO      forex.scanner   FOREX: Scanning 12 instruments at 11:48:33
2026-02-22 11:48:34  INFO      forex.scanner   FOREX scan done. 0 hammer-at-band signal(s).
2026-02-22 11:48:34  INFO      main            No hammer at band right now.
2026-02-22 12:24:12  INFO      main            ──────────────────────────────────────────────────
2026-02-22 12:24:12  INFO      main            FOREX scan at 12:24:12
2026-02-22 12:24:12  INFO      main            ──────────────────────────────────────────────────
2026-02-22 12:24:12  INFO      forex.scanner   FOREX: Scanning 12 instruments at 12:24:12
2026-02-22 12:24:14  INFO      forex.scanner   FOREX scan done. 0 hammer-at-band signal(s).
2026-02-22 12:24:14  INFO      main            No hammer at band right now.
2026-02-22 12:42:53  INFO      main            ──────────────────────────────────────────────────
2026-02-22 12:42:53  INFO      main            FOREX scan at 12:42:53
2026-02-22 12:42:53  INFO      main            ──────────────────────────────────────────────────
2026-02-22 12:42:53  INFO      forex.scanner   FOREX: Scanning 12 instruments at 12:42:53
2026-02-22 12:42:55  INFO      forex.scanner   FOREX scan done. 0 hammer-at-band signal(s).
2026-02-22 12:42:55  INFO      main            No hammer at band right now.
2026-02-22 13:14:24  INFO      main            ──────────────────────────────────────────────────
2026-02-22 13:14:24  INFO      main            FOREX scan at 13:14:24
2026-02-22 13:14:24  INFO      main            ──────────────────────────────────────────────────
2026-02-22 13:14:24  INFO      forex.scanner   FOREX: Scanning 12 instruments at 13:14:24
2026-02-22 13:14:27  INFO      forex.scanner   FOREX scan done. 0 hammer-at-band signal(s).
2026-02-22 13:14:27  INFO      main            No hammer at band right now.
2026-02-22 13:33:50  INFO      main            ──────────────────────────────────────────────────
2026-02-22 13:33:50  INFO      main            FOREX scan at 13:33:50
2026-02-22 13:33:50  INFO      main            ──────────────────────────────────────────────────
2026-02-22 13:33:50  INFO      forex.scanner   FOREX: Scanning 12 instruments at 13:33:50
2026-02-22 13:33:52  INFO      forex.scanner   FOREX scan done. 0 hammer-at-band signal(s).
2026-02-22 13:33:52  INFO      main            No hammer at band right now.
2026-02-22 13:51:37  INFO      main            ──────────────────────────────────────────────────
2026-02-22 13:51:37  INFO      main            FOREX scan at 13:51:37
2026-02-22 13:51:37  INFO      main            ──────────────────────────────────────────────────
2026-02-22 13:51:37  INFO      forex.scanner   FOREX: Scanning 12 instruments at 13:51:37
2026-02-22 14:08:51  ERROR     forex.scanner   Error fetching NZDUSD=X: 'NoneType' object is not subscriptable
2026-02-22 14:08:52  INFO      forex.scanner   FOREX scan done. 0 hammer-at-band signal(s).
2026-02-22 14:08:52  INFO      main            No hammer at band right now.
2026-02-22 14:34:50  INFO      main            ──────────────────────────────────────────────────
2026-02-22 14:34:50  INFO      main            FOREX scan at 14:34:50
2026-02-22 14:34:50  INFO      main            ──────────────────────────────────────────────────
2026-02-22 14:34:50  INFO      forex.scanner   FOREX: Scanning 12 instruments at 14:34:50
2026-02-22 14:34:52  INFO      forex.scanner   FOREX scan done. 0 hammer-at-band signal(s).
2026-02-22 14:34:52  INFO      main            No hammer at band right now.
2026-02-22 15:08:00  INFO      main            ──────────────────────────────────────────────────
2026-02-22 15:08:00  INFO      main            FOREX scan at 15:08:00
2026-02-22 15:08:00  INFO      main            ──────────────────────────────────────────────────
2026-02-22 15:08:00  INFO      forex.scanner   FOREX: Scanning 12 instruments at 15:08:00
2026-02-22 15:08:02  INFO      forex.scanner   FOREX scan done. 0 hammer-at-band signal(s).
2026-02-22 15:08:02  INFO      main            No hammer at band right now.
2026-02-22 15:35:51  INFO      main            ──────────────────────────────────────────────────
2026-02-22 15:35:51  INFO      main            FOREX scan at 15:35:51
2026-02-22 15:35:51  INFO      main            ──────────────────────────────────────────────────
2026-02-22 15:35:51  INFO      forex.scanner   FOREX: Scanning 12 instruments at 15:35:51
2026-02-22 15:35:53  INFO      forex.scanner   FOREX scan done. 0 hammer-at-band signal(s).
2026-02-22 15:35:53  INFO      main            No hammer at band right now.
2026-02-22 15:52:25  INFO      main            ──────────────────────────────────────────────────
2026-02-22 15:52:25  INFO      main            FOREX scan at 15:52:25
2026-02-22 15:52:25  INFO      main            ──────────────────────────────────────────────────
2026-02-22 15:52:25  INFO      forex.scanner   FOREX: Scanning 12 instruments at 15:52:25
2026-02-22 16:07:32  ERROR     forex.scanner   Error fetching USDCAD=X: 'NoneType' object is not subscriptable
2026-02-22 16:07:34  INFO      forex.scanner   FOREX scan done. 0 hammer-at-band signal(s).
2026-02-22 16:07:34  INFO      main            No hammer at band right now.
2026-02-22 16:36:50  INFO      main            ──────────────────────────────────────────────────
2026-02-22 16:36:50  INFO      main            FOREX scan at 16:36:50
2026-02-22 16:36:50  INFO      main            ──────────────────────────────────────────────────
2026-02-22 16:36:50  INFO      forex.scanner   FOREX: Scanning 12 instruments at 16:36:50
2026-02-22 16:36:53  INFO      forex.scanner   FOREX scan done. 0 hammer-at-band signal(s).
2026-02-22 16:36:53  INFO      main            No hammer at band right now.
2026-02-22 17:01:58  INFO      main            ──────────────────────────────────────────────────
2026-02-22 17:01:58  INFO      main            FOREX scan at 17:01:58
2026-02-22 17:01:58  INFO      main            ──────────────────────────────────────────────────
2026-02-22 17:01:58  INFO      forex.scanner   FOREX: Scanning 12 instruments at 17:01:58
2026-02-22 17:02:01  INFO      forex.scanner   FOREX scan done. 0 hammer-at-band signal(s).
2026-02-22 17:02:01  INFO      main            No hammer at band right now.
2026-02-22 17:31:59  INFO      main            ──────────────────────────────────────────────────
2026-02-22 17:31:59  INFO      main            FOREX scan at 17:31:59
2026-02-22 17:31:59  INFO      main            ──────────────────────────────────────────────────
2026-02-22 17:31:59  INFO      forex.scanner   FOREX: Scanning 12 instruments at 17:31:59
2026-02-22 17:32:01  INFO      forex.scanner   FOREX scan done. 0 hammer-at-band signal(s).
2026-02-22 17:32:01  INFO      main            No hammer at band right now.
2026-02-22 18:09:36  INFO      main            ──────────────────────────────────────────────────
2026-02-22 18:09:36  INFO      main            FOREX scan at 18:09:36
2026-02-22 18:09:36  INFO      main            ──────────────────────────────────────────────────
2026-02-22 18:09:36  INFO      forex.scanner   FOREX: Scanning 12 instruments at 18:09:36
2026-02-22 18:27:32  ERROR     forex.scanner   Error fetching EURUSD=X: 'NoneType' object is not subscriptable
2026-02-22 18:27:34  INFO      forex.scanner   FOREX scan done. 0 hammer-at-band signal(s).
2026-02-22 18:27:35  INFO      main            No hammer at band right now.
2026-02-22 19:12:51  INFO      main            ──────────────────────────────────────────────────
2026-02-22 19:12:51  INFO      main            FOREX scan at 19:12:51
2026-02-22 19:12:51  INFO      main            ──────────────────────────────────────────────────
2026-02-22 19:12:51  INFO      forex.scanner   FOREX: Scanning 12 instruments at 19:12:51
2026-02-22 19:12:58  INFO      forex.scanner   FOREX scan done. 0 hammer-at-band signal(s).
2026-02-22 19:12:58  INFO      main            No hammer at band right now.
2026-02-22 19:29:06  INFO      main            ──────────────────────────────────────────────────
2026-02-22 19:29:06  INFO      main            FOREX scan at 19:29:06
2026-02-22 19:29:06  INFO      main            ──────────────────────────────────────────────────
2026-02-22 19:29:06  INFO      forex.scanner   FOREX: Scanning 12 instruments at 19:29:06
2026-02-22 19:29:49  ERROR     forex.scanner   Error fetching EURUSD=X: 'NoneType' object is not subscriptable
2026-02-22 19:29:49  ERROR     forex.scanner   Error fetching GBPUSD=X: 'NoneType' object is not subscriptable
2026-02-22 19:29:49  ERROR     forex.scanner   Error fetching USDJPY=X: 'NoneType' object is not subscriptable
2026-02-22 19:29:49  ERROR     forex.scanner   Error fetching AUDUSD=X: 'NoneType' object is not subscriptable
2026-02-22 19:29:49  ERROR     forex.scanner   Error fetching USDCHF=X: 'NoneType' object is not subscriptable
2026-02-22 19:29:49  ERROR     forex.scanner   Error fetching USDCAD=X: 'NoneType' object is not subscriptable
2026-02-22 19:29:49  ERROR     forex.scanner   Error fetching NZDUSD=X: 'NoneType' object is not subscriptable
2026-02-22 19:29:49  ERROR     forex.scanner   Error fetching BTC-USD: 'NoneType' object is not subscriptable
2026-02-22 19:29:49  ERROR     forex.scanner   Error fetching ETH-USD: 'NoneType' object is not subscriptable
2026-02-22 19:29:49  ERROR     forex.scanner   Error fetching USDT-USD: 'NoneType' object is not subscriptable
2026-02-22 19:29:49  ERROR     forex.scanner   Error fetching GC=F: 'NoneType' object is not subscriptable
2026-02-22 19:29:49  ERROR     forex.scanner   Error fetching SI=F: 'NoneType' object is not subscriptable
2026-02-22 19:29:49  INFO      forex.scanner   FOREX scan done. 0 hammer-at-band signal(s).
2026-02-22 19:29:49  INFO      main            No hammer at band right now.
2026-02-22 19:57:10  INFO      main            ──────────────────────────────────────────────────
2026-02-22 19:57:10  INFO      main            FOREX scan at 19:57:10
2026-02-22 19:57:10  INFO      main            ──────────────────────────────────────────────────
2026-02-22 19:57:10  INFO      forex.scanner   FOREX: Scanning 12 instruments at 19:57:10
2026-02-22 19:57:12  INFO      forex.scanner   FOREX scan done. 0 hammer-at-band signal(s).
2026-02-22 19:57:12  INFO      main            No hammer at band right now.
2026-02-22 20:14:37  INFO      main            ──────────────────────────────────────────────────
2026-02-22 20:14:37  INFO      main            FOREX scan at 20:14:37
2026-02-22 20:14:37  INFO      main            ──────────────────────────────────────────────────
2026-02-22 20:14:37  INFO      forex.scanner   FOREX: Scanning 12 instruments at 20:14:37
2026-02-22 20:14:39  INFO      forex.scanner   ALERT: BTC/USD — HAMMER AT LOWER BAND [LOWER band]
2026-02-22 20:14:39  INFO      forex.scanner   FOREX scan done. 1 hammer-at-band signal(s).
2026-02-22 20:14:40  INFO      telegram        Telegram message sent successfully.
2026-02-22 20:31:27  INFO      main            ──────────────────────────────────────────────────
2026-02-22 20:31:27  INFO      main            FOREX scan at 20:31:27
2026-02-22 20:31:27  INFO      main            ──────────────────────────────────────────────────
2026-02-22 20:31:27  INFO      forex.scanner   FOREX: Scanning 12 instruments at 20:31:27
2026-02-22 20:31:28  INFO      forex.scanner   FOREX scan done. 0 hammer-at-band signal(s).
2026-02-22 20:31:28  INFO      main            No hammer at band right now.
2026-02-22 20:55:55  INFO      main            ──────────────────────────────────────────────────
2026-02-22 20:55:55  INFO      main            FOREX scan at 20:55:55
2026-02-22 20:55:55  INFO      main            ──────────────────────────────────────────────────
2026-02-22 20:55:55  INFO      forex.scanner   FOREX: Scanning 12 instruments at 20:55:55
2026-02-22 20:55:57  INFO      forex.scanner   FOREX scan done. 0 hammer-at-band signal(s).
2026-02-22 20:55:57  INFO      main            No hammer at band right now.
2026-02-22 21:14:02  INFO      main            ──────────────────────────────────────────────────
2026-02-22 21:14:02  INFO      main            FOREX scan at 21:14:02
2026-02-22 21:14:02  INFO      main            ──────────────────────────────────────────────────
2026-02-22 21:14:02  INFO      forex.scanner   FOREX: Scanning 12 instruments at 21:14:02
2026-02-22 21:14:04  INFO      forex.scanner   FOREX scan done. 0 hammer-at-band signal(s).
2026-02-22 21:14:04  INFO      main            No hammer at band right now.
2026-02-22 21:41:02  INFO      main            ──────────────────────────────────────────────────
2026-02-22 21:41:02  INFO      main            FOREX scan at 21:41:02
2026-02-22 21:41:02  INFO      main            ──────────────────────────────────────────────────
2026-02-22 21:41:02  INFO      forex.scanner   FOREX: Scanning 12 instruments at 21:41:02
2026-02-22 21:41:08  INFO      forex.scanner   FOREX scan done. 0 hammer-at-band signal(s).
2026-02-22 21:41:08  INFO      main            No hammer at band right now.
2026-02-22 21:57:04  INFO      main            ──────────────────────────────────────────────────
2026-02-22 21:57:04  INFO      main            FOREX scan at 21:57:04
2026-02-22 21:57:04  INFO      main            ──────────────────────────────────────────────────
2026-02-22 21:57:04  INFO      forex.scanner   FOREX: Scanning 12 instruments at 21:57:04
2026-02-22 21:57:05  INFO      forex.scanner   FOREX scan done. 0 hammer-at-band signal(s).
2026-02-22 21:57:05  INFO      main            No hammer at band right now.
2026-02-22 22:14:41  INFO      main            ──────────────────────────────────────────────────
2026-02-22 22:14:41  INFO      main            FOREX scan at 22:14:41
2026-02-22 22:14:41  INFO      main            ──────────────────────────────────────────────────
2026-02-22 22:14:41  INFO      forex.scanner   FOREX: Scanning 12 instruments at 22:14:41
2026-02-22 22:14:43  INFO      forex.scanner   FOREX scan done. 0 hammer-at-band signal(s).
2026-02-22 22:14:43  INFO      main            No hammer at band right now.
2026-02-22 22:31:42  INFO      main            ──────────────────────────────────────────────────
2026-02-22 22:31:42  INFO      main            FOREX scan at 22:31:42
2026-02-22 22:31:42  INFO      main            ──────────────────────────────────────────────────
2026-02-22 22:31:42  INFO      forex.scanner   FOREX: Scanning 12 instruments at 22:31:42
2026-02-22 22:31:43  INFO      forex.scanner   FOREX scan done. 0 hammer-at-band signal(s).
2026-02-22 22:31:43  INFO      main            No hammer at band right now.
2026-02-22 23:11:21  INFO      main            ──────────────────────────────────────────────────
2026-02-22 23:11:21  INFO      main            FOREX scan at 23:11:21
2026-02-22 23:11:21  INFO      main            ──────────────────────────────────────────────────
2026-02-22 23:11:21  INFO      forex.scanner   FOREX: Scanning 12 instruments at 23:11:21
2026-02-22 23:11:23  INFO      forex.scanner   FOREX scan done. 0 hammer-at-band signal(s).
2026-02-22 23:11:23  INFO      main            No hammer at band right now.
2026-02-22 23:27:57  INFO      main            ──────────────────────────────────────────────────
2026-02-22 23:27:57  INFO      main            FOREX scan at 23:27:57
2026-02-22 23:27:57  INFO      main            ──────────────────────────────────────────────────
2026-02-22 23:27:57  INFO      forex.scanner   FOREX: Scanning 12 instruments at 23:27:57
2026-02-22 23:27:58  INFO      forex.scanner   FOREX scan done. 0 hammer-at-band signal(s).
2026-02-22 23:27:58  INFO      main            No hammer at band right now.
2026-02-22 23:44:44  INFO      main            ──────────────────────────────────────────────────
2026-02-22 23:44:44  INFO      main            FOREX scan at 23:44:44
2026-02-22 23:44:44  INFO      main            ──────────────────────────────────────────────────
2026-02-22 23:44:44  INFO      forex.scanner   FOREX: Scanning 12 instruments at 23:44:44
2026-02-22 23:44:47  INFO      forex.scanner   FOREX scan done. 0 hammer-at-band signal(s).
2026-02-22 23:44:47  INFO      main            No hammer at band right now.
2026-02-23 00:02:19  INFO      main            ──────────────────────────────────────────────────
2026-02-23 00:02:19  INFO      main            FOREX scan at 00:02:19
2026-02-23 00:02:19  INFO      main            ──────────────────────────────────────────────────
2026-02-23 00:02:19  INFO      forex.scanner   FOREX: Scanning 12 instruments at 00:02:19
2026-02-23 00:02:20  INFO      forex.scanner   FOREX scan done. 0 hammer-at-band signal(s).
2026-02-23 00:02:20  INFO      main            No hammer at band right now.
2026-02-23 00:37:29  INFO      main            ──────────────────────────────────────────────────
2026-02-23 00:37:29  INFO      main            FOREX scan at 00:37:29
2026-02-23 00:37:29  INFO      main            ──────────────────────────────────────────────────
2026-02-23 00:37:29  INFO      forex.scanner   FOREX: Scanning 12 instruments at 00:37:29
2026-02-23 00:37:31  INFO      forex.scanner   FOREX scan done. 0 hammer-at-band signal(s).
2026-02-23 00:37:31  INFO      main            No hammer at band right now.
2026-02-23 00:52:52  INFO      main            ──────────────────────────────────────────────────
2026-02-23 00:52:52  INFO      main            FOREX scan at 00:52:52
2026-02-23 00:52:52  INFO      main            ──────────────────────────────────────────────────
2026-02-23 00:52:52  INFO      forex.scanner   FOREX: Scanning 12 instruments at 00:52:52
2026-02-23 01:07:58  ERROR     forex.scanner   Error fetching NZDUSD=X: 'NoneType' object is not subscriptable
2026-02-23 01:08:00  INFO      forex.scanner   FOREX scan done. 0 hammer-at-band signal(s).
2026-02-23 01:08:00  INFO      main            No hammer at band right now.
2026-02-23 01:24:20  INFO      main            ──────────────────────────────────────────────────
2026-02-23 01:24:20  INFO      main            FOREX scan at 01:24:20
2026-02-23 01:24:20  INFO      main            ──────────────────────────────────────────────────
2026-02-23 01:24:20  INFO      forex.scanner   FOREX: Scanning 12 instruments at 01:24:20
2026-02-23 01:24:22  INFO      forex.scanner   FOREX scan done. 0 hammer-at-band signal(s).
2026-02-23 01:24:22  INFO      main            No hammer at band right now.
2026-02-23 01:41:13  INFO      main            ──────────────────────────────────────────────────
2026-02-23 01:41:13  INFO      main            FOREX scan at 01:41:13
2026-02-23 01:41:13  INFO      main            ──────────────────────────────────────────────────
2026-02-23 01:41:13  INFO      forex.scanner   FOREX: Scanning 12 instruments at 01:41:13
2026-02-23 01:41:14  INFO      forex.scanner   FOREX scan done. 0 hammer-at-band signal(s).
2026-02-23 01:41:14  INFO      main            No hammer at band right now.
2026-02-23 01:58:01  INFO      main            ──────────────────────────────────────────────────
2026-02-23 01:58:01  INFO      main            FOREX scan at 01:58:01
2026-02-23 01:58:01  INFO      main            ──────────────────────────────────────────────────
2026-02-23 01:58:01  INFO      forex.scanner   FOREX: Scanning 12 instruments at 01:58:01
2026-02-23 01:58:03  INFO      forex.scanner   FOREX scan done. 0 hammer-at-band signal(s).
2026-02-23 01:58:03  INFO      main            No hammer at band right now.
2026-02-23 02:30:34  INFO      main            ──────────────────────────────────────────────────
2026-02-23 02:30:34  INFO      main            FOREX scan at 02:30:34
2026-02-23 02:30:34  INFO      main            ──────────────────────────────────────────────────
2026-02-23 02:30:34  INFO      forex.scanner   FOREX: Scanning 12 instruments at 02:30:34
2026-02-23 02:30:36  INFO      forex.scanner   FOREX scan done. 0 hammer-at-band signal(s).
2026-02-23 02:30:36  INFO      main            No hammer at band right now.
2026-02-23 03:05:06  INFO      main            ──────────────────────────────────────────────────
2026-02-23 03:05:06  INFO      main            FOREX scan at 03:05:06
2026-02-23 03:05:06  INFO      main            ──────────────────────────────────────────────────
2026-02-23 03:05:06  INFO      forex.scanner   FOREX: Scanning 12 instruments at 03:05:06
2026-02-23 03:05:07  INFO      forex.scanner   FOREX scan done. 0 hammer-at-band signal(s).
2026-02-23 03:05:07  INFO      main            No hammer at band right now.
2026-02-23 03:37:02  INFO      main            ──────────────────────────────────────────────────
2026-02-23 03:37:02  INFO      main            FOREX scan at 03:37:02
2026-02-23 03:37:02  INFO      main            ──────────────────────────────────────────────────
2026-02-23 03:37:02  INFO      forex.scanner   FOREX: Scanning 12 instruments at 03:37:02
2026-02-23 03:37:04  INFO      forex.scanner   FOREX scan done. 0 hammer-at-band signal(s).
2026-02-23 03:37:04  INFO      main            No hammer at band right now.
2026-02-23 04:10:08  INFO      main            ──────────────────────────────────────────────────
2026-02-23 04:10:08  INFO      main            FOREX scan at 04:10:08
2026-02-23 04:10:08  INFO      main            ──────────────────────────────────────────────────
2026-02-23 04:10:08  INFO      forex.scanner   FOREX: Scanning 12 instruments at 04:10:08
2026-02-23 04:10:09  INFO      forex.scanner   FOREX scan done. 0 hammer-at-band signal(s).
2026-02-23 04:10:09  INFO      main            No hammer at band right now.
2026-02-23 04:25:30  INFO      main            ──────────────────────────────────────────────────
2026-02-23 04:25:30  INFO      main            FOREX scan at 04:25:30
2026-02-23 04:25:30  INFO      main            ──────────────────────────────────────────────────
2026-02-23 04:25:30  INFO      forex.scanner   FOREX: Scanning 12 instruments at 04:25:30
2026-02-23 04:25:31  INFO      forex.scanner   FOREX scan done. 0 hammer-at-band signal(s).
2026-02-23 04:25:31  INFO      main            No hammer at band right now.
2026-02-23 04:42:33  INFO      main            ──────────────────────────────────────────────────
2026-02-23 04:42:33  INFO      main            FOREX scan at 04:42:33
2026-02-23 04:42:33  INFO      main            ──────────────────────────────────────────────────
2026-02-23 04:42:33  INFO      forex.scanner   FOREX: Scanning 12 instruments at 04:42:33
2026-02-23 04:42:34  INFO      forex.scanner   FOREX scan done. 0 hammer-at-band signal(s).
2026-02-23 04:42:34  INFO      main            No hammer at band right now.
2026-02-23 04:58:51  INFO      main            ──────────────────────────────────────────────────
2026-02-23 04:58:51  INFO      main            FOREX scan at 04:58:51
2026-02-23 04:58:51  INFO      main            ──────────────────────────────────────────────────
2026-02-23 04:58:51  INFO      forex.scanner   FOREX: Scanning 12 instruments at 04:58:51
2026-02-23 04:58:52  INFO      forex.scanner   FOREX scan done. 0 hammer-at-band signal(s).
2026-02-23 04:58:52  INFO      main            No hammer at band right now.
2026-02-23 05:28:48  INFO      main            ──────────────────────────────────────────────────
2026-02-23 05:28:48  INFO      main            FOREX scan at 05:28:48
2026-02-23 05:28:48  INFO      main            ──────────────────────────────────────────────────
2026-02-23 05:28:48  INFO      forex.scanner   FOREX: Scanning 12 instruments at 05:28:48
2026-02-23 05:28:50  INFO      forex.scanner   FOREX scan done. 0 hammer-at-band signal(s).
2026-02-23 05:28:50  INFO      main            No hammer at band right now.
2026-02-23 05:48:06  INFO      main            ──────────────────────────────────────────────────
2026-02-23 05:48:06  INFO      main            FOREX scan at 05:48:06
2026-02-23 05:48:06  INFO      main            ──────────────────────────────────────────────────
2026-02-23 05:48:06  INFO      forex.scanner   FOREX: Scanning 12 instruments at 05:48:06
2026-02-23 05:48:07  INFO      forex.scanner   FOREX scan done. 0 hammer-at-band signal(s).
2026-02-23 05:48:07  INFO      main            No hammer at band right now.
2026-02-23 06:27:03  INFO      main            ──────────────────────────────────────────────────
2026-02-23 06:27:03  INFO      main            FOREX scan at 06:27:03
2026-02-23 06:27:03  INFO      main            ──────────────────────────────────────────────────
2026-02-23 06:27:03  INFO      forex.scanner   FOREX: Scanning 12 instruments at 06:27:03
2026-02-23 06:27:05  INFO      forex.scanner   FOREX scan done. 0 hammer-at-band signal(s).
2026-02-23 06:27:05  INFO      main            No hammer at band right now.
2026-02-23 06:43:38  INFO      main            ──────────────────────────────────────────────────
2026-02-23 06:43:38  INFO      main            FOREX scan at 06:43:38
2026-02-23 06:43:38  INFO      main            ──────────────────────────────────────────────────
2026-02-23 06:43:38  INFO      forex.scanner   FOREX: Scanning 12 instruments at 06:43:38
2026-02-23 06:43:40  INFO      forex.scanner   FOREX scan done. 0 hammer-at-band signal(s).
2026-02-23 06:43:40  INFO      main            No hammer at band right now.
2026-02-23 07:17:50  INFO      main            ──────────────────────────────────────────────────
2026-02-23 07:17:50  INFO      main            FOREX scan at 07:17:50
2026-02-23 07:17:50  INFO      main            ──────────────────────────────────────────────────
2026-02-23 07:17:50  INFO      forex.scanner   FOREX: Scanning 12 instruments at 07:17:50
2026-02-23 07:17:52  INFO      forex.scanner   FOREX scan done. 0 hammer-at-band signal(s).
2026-02-23 07:17:52  INFO      main            No hammer at band right now.
2026-02-23 07:47:47  INFO      main            ──────────────────────────────────────────────────
2026-02-23 07:47:47  INFO      main            FOREX scan at 07:47:47
2026-02-23 07:47:47  INFO      main            ──────────────────────────────────────────────────
2026-02-23 07:47:47  INFO      forex.scanner   FOREX: Scanning 12 instruments at 07:47:47
2026-02-23 07:47:49  INFO      forex.scanner   FOREX scan done. 0 hammer-at-band signal(s).
2026-02-23 07:47:49  INFO      main            No hammer at band right now.
2026-02-23 08:03:37  INFO      main            ──────────────────────────────────────────────────
2026-02-23 08:03:37  INFO      main            FOREX scan at 08:03:37
2026-02-23 08:03:37  INFO      main            ──────────────────────────────────────────────────
2026-02-23 08:03:37  INFO      forex.scanner   FOREX: Scanning 12 instruments at 08:03:37
2026-02-23 08:03:39  INFO      forex.scanner   FOREX scan done. 0 hammer-at-band signal(s).
2026-02-23 08:03:39  INFO      main            No hammer at band right now.
2026-02-23 08:30:50  INFO      main            ──────────────────────────────────────────────────
2026-02-23 08:30:50  INFO      main            FOREX scan at 08:30:50
2026-02-23 08:30:50  INFO      main            ──────────────────────────────────────────────────
2026-02-23 08:30:50  INFO      forex.scanner   FOREX: Scanning 12 instruments at 08:30:50
2026-02-23 08:30:52  INFO      forex.scanner   FOREX scan done. 0 hammer-at-band signal(s).
2026-02-23 08:30:52  INFO      main            No hammer at band right now.
2026-02-23 08:46:04  INFO      main            ──────────────────────────────────────────────────
2026-02-23 08:46:04  INFO      main            FOREX scan at 08:46:04
2026-02-23 08:46:04  INFO      main            ──────────────────────────────────────────────────
2026-02-23 08:46:04  INFO      forex.scanner   FOREX: Scanning 12 instruments at 08:46:04
2026-02-23 09:01:52  ERROR     forex.scanner   Error fetching NZDUSD=X: 'NoneType' object is not subscriptable
2026-02-23 09:01:53  INFO      forex.scanner   FOREX scan done. 0 hammer-at-band signal(s).
2026-02-23 09:01:53  INFO      main            No hammer at band right now.
2026-02-23 09:18:39  INFO      main            ──────────────────────────────────────────────────
2026-02-23 09:18:39  INFO      main            FOREX scan at 09:18:39
2026-02-23 09:18:39  INFO      main            ──────────────────────────────────────────────────
2026-02-23 09:18:39  INFO      forex.scanner   FOREX: Scanning 12 instruments at 09:18:39
2026-02-23 09:31:47  ERROR     forex.scanner   Error fetching GC=F: 'NoneType' object is not subscriptable
2026-02-23 09:31:48  INFO      forex.scanner   FOREX scan done. 0 hammer-at-band signal(s).
2026-02-23 09:31:48  INFO      main            No hammer at band right now.
2026-02-23 09:47:34  INFO      main            ──────────────────────────────────────────────────
2026-02-23 09:47:34  INFO      main            FOREX scan at 09:47:34
2026-02-23 09:47:34  INFO      main            ──────────────────────────────────────────────────
2026-02-23 09:47:34  INFO      forex.scanner   FOREX: Scanning 12 instruments at 09:47:34
2026-02-23 09:47:36  INFO      forex.scanner   FOREX scan done. 0 hammer-at-band signal(s).
2026-02-23 09:47:36  INFO      main            No hammer at band right now.
2026-02-23 10:18:06  INFO      main            ──────────────────────────────────────────────────
2026-02-23 10:18:06  INFO      main            FOREX scan at 10:18:06
2026-02-23 10:18:06  INFO      main            ──────────────────────────────────────────────────
2026-02-23 10:18:06  INFO      forex.scanner   FOREX: Scanning 12 instruments at 10:18:06
2026-02-23 10:20:44  ERROR     forex.scanner   Error fetching NZDUSD=X: 'NoneType' object is not subscriptable
2026-02-23 10:20:48  INFO      forex.scanner   FOREX scan done. 0 hammer-at-band signal(s).
2026-02-23 10:20:48  INFO      main            No hammer at band right now.
2026-02-23 10:35:55  INFO      main            ──────────────────────────────────────────────────
2026-02-23 10:35:55  INFO      main            FOREX scan at 10:35:55
2026-02-23 10:35:55  INFO      main            ──────────────────────────────────────────────────
2026-02-23 10:35:55  INFO      forex.scanner   FOREX: Scanning 12 instruments at 10:35:55
2026-02-23 10:35:59  INFO      forex.scanner   FOREX scan done. 0 hammer-at-band signal(s).
2026-02-23 10:35:59  INFO      main            No hammer at band right now.
2026-02-23 10:51:05  INFO      main            ──────────────────────────────────────────────────
2026-02-23 10:51:05  INFO      main            FOREX scan at 10:51:05
2026-02-23 10:51:05  INFO      main            ──────────────────────────────────────────────────
2026-02-23 10:51:05  INFO      forex.scanner   FOREX: Scanning 12 instruments at 10:51:05
2026-02-23 10:51:08  INFO      forex.scanner   FOREX scan done. 0 hammer-at-band signal(s).
2026-02-23 10:51:08  INFO      main            No hammer at band right now.
2026-02-23 11:06:15  INFO      main            ──────────────────────────────────────────────────
2026-02-23 11:06:15  INFO      main            FOREX scan at 11:06:15
2026-02-23 11:06:15  INFO      main            ──────────────────────────────────────────────────
2026-02-23 11:06:15  INFO      forex.scanner   FOREX: Scanning 12 instruments at 11:06:15
2026-02-23 11:06:18  INFO      forex.scanner   FOREX scan done. 0 hammer-at-band signal(s).
2026-02-23 11:06:18  INFO      main            No hammer at band right now.
2026-02-23 11:21:24  INFO      main            ──────────────────────────────────────────────────
2026-02-23 11:21:24  INFO      main            FOREX scan at 11:21:24
2026-02-23 11:21:24  INFO      main            ──────────────────────────────────────────────────
2026-02-23 11:21:24  INFO      forex.scanner   FOREX: Scanning 12 instruments at 11:21:24
2026-02-23 11:21:27  INFO      forex.scanner   FOREX scan done. 0 hammer-at-band signal(s).
2026-02-23 11:21:27  INFO      main            No hammer at band right now.
2026-02-23 11:36:34  INFO      main            ──────────────────────────────────────────────────
2026-02-23 11:36:34  INFO      main            FOREX scan at 11:36:34
2026-02-23 11:36:34  INFO      main            ──────────────────────────────────────────────────
2026-02-23 11:36:34  INFO      forex.scanner   FOREX: Scanning 12 instruments at 11:36:34
2026-02-23 11:36:37  INFO      forex.scanner   FOREX scan done. 0 hammer-at-band signal(s).
2026-02-23 11:36:37  INFO      main            No hammer at band right now.
2026-02-23 11:51:43  INFO      main            ──────────────────────────────────────────────────
2026-02-23 11:51:43  INFO      main            FOREX scan at 11:51:43
2026-02-23 11:51:43  INFO      main            ──────────────────────────────────────────────────
2026-02-23 11:51:43  INFO      forex.scanner   FOREX: Scanning 12 instruments at 11:51:43
2026-02-23 11:51:46  INFO      forex.scanner   FOREX scan done. 0 hammer-at-band signal(s).
2026-02-23 11:51:46  INFO      main            No hammer at band right now.
2026-02-23 12:06:53  INFO      main            ──────────────────────────────────────────────────
2026-02-23 12:06:53  INFO      main            FOREX scan at 12:06:53
2026-02-23 12:06:53  INFO      main            ──────────────────────────────────────────────────
2026-02-23 12:06:53  INFO      forex.scanner   FOREX: Scanning 12 instruments at 12:06:53
2026-02-23 12:06:55  INFO      forex.scanner   FOREX scan done. 0 hammer-at-band signal(s).
2026-02-23 12:06:55  INFO      main            No hammer at band right now.
2026-02-23 12:22:02  INFO      main            ──────────────────────────────────────────────────
2026-02-23 12:22:02  INFO      main            FOREX scan at 12:22:02
2026-02-23 12:22:02  INFO      main            ──────────────────────────────────────────────────
2026-02-23 12:22:02  INFO      forex.scanner   FOREX: Scanning 12 instruments at 12:22:02
2026-02-23 12:22:05  INFO      forex.scanner   FOREX scan done. 0 hammer-at-band signal(s).
2026-02-23 12:22:05  INFO      main            No hammer at band right now.
2026-02-23 12:37:12  INFO      main            ──────────────────────────────────────────────────
2026-02-23 12:37:12  INFO      main            FOREX scan at 12:37:12
2026-02-23 12:37:12  INFO      main            ──────────────────────────────────────────────────
2026-02-23 12:37:12  INFO      forex.scanner   FOREX: Scanning 12 instruments at 12:37:12
2026-02-23 12:37:14  INFO      forex.scanner   FOREX scan done. 0 hammer-at-band signal(s).
2026-02-23 12:37:14  INFO      main            No hammer at band right now.
2026-02-23 12:52:21  INFO      main            ──────────────────────────────────────────────────
2026-02-23 12:52:21  INFO      main            FOREX scan at 12:52:21
2026-02-23 12:52:21  INFO      main            ──────────────────────────────────────────────────
2026-02-23 12:52:21  INFO      forex.scanner   FOREX: Scanning 12 instruments at 12:52:21
2026-02-23 12:52:23  INFO      forex.scanner   FOREX scan done. 0 hammer-at-band signal(s).
2026-02-23 12:52:23  INFO      main            No hammer at band right now.
2026-02-23 13:07:30  INFO      main            ──────────────────────────────────────────────────
2026-02-23 13:07:30  INFO      main            FOREX scan at 13:07:30
2026-02-23 13:07:30  INFO      main            ──────────────────────────────────────────────────
2026-02-23 13:07:30  INFO      forex.scanner   FOREX: Scanning 12 instruments at 13:07:30
2026-02-23 13:07:32  INFO      forex.scanner   FOREX scan done. 0 hammer-at-band signal(s).
2026-02-23 13:07:32  INFO      main            No hammer at band right now.
2026-02-23 13:22:39  INFO      main            ──────────────────────────────────────────────────
2026-02-23 13:22:39  INFO      main            FOREX scan at 13:22:39
2026-02-23 13:22:39  INFO      main            ──────────────────────────────────────────────────
2026-02-23 13:22:39  INFO      forex.scanner   FOREX: Scanning 12 instruments at 13:22:39
2026-02-23 13:22:42  INFO      forex.scanner   FOREX scan done. 0 hammer-at-band signal(s).
2026-02-23 13:22:42  INFO      main            No hammer at band right now.
2026-02-23 13:37:51  INFO      main            ──────────────────────────────────────────────────
2026-02-23 13:37:51  INFO      main            FOREX scan at 13:37:51
2026-02-23 13:37:51  INFO      main            ──────────────────────────────────────────────────
2026-02-23 13:37:51  INFO      forex.scanner   FOREX: Scanning 12 instruments at 13:37:51
2026-02-23 13:37:54  INFO      forex.scanner   FOREX scan done. 0 hammer-at-band signal(s).
2026-02-23 13:37:54  INFO      main            No hammer at band right now.
2026-02-23 13:53:02  INFO      main            ──────────────────────────────────────────────────
2026-02-23 13:53:02  INFO      main            FOREX scan at 13:53:02
2026-02-23 13:53:02  INFO      main            ──────────────────────────────────────────────────
2026-02-23 13:53:02  INFO      forex.scanner   FOREX: Scanning 12 instruments at 13:53:02
2026-02-23 13:53:05  INFO      forex.scanner   FOREX scan done. 0 hammer-at-band signal(s).
2026-02-23 13:53:05  INFO      main            No hammer at band right now.
2026-02-23 14:08:12  INFO      main            ──────────────────────────────────────────────────
2026-02-23 14:08:12  INFO      main            FOREX scan at 14:08:12
2026-02-23 14:08:12  INFO      main            ──────────────────────────────────────────────────
2026-02-23 14:08:12  INFO      forex.scanner   FOREX: Scanning 12 instruments at 14:08:12
2026-02-23 14:08:14  INFO      forex.scanner   FOREX scan done. 0 hammer-at-band signal(s).
2026-02-23 14:08:14  INFO      main            No hammer at band right now.
2026-02-23 14:23:21  INFO      main            ──────────────────────────────────────────────────
2026-02-23 14:23:21  INFO      main            FOREX scan at 14:23:21
2026-02-23 14:23:21  INFO      main            ──────────────────────────────────────────────────
2026-02-23 14:23:21  INFO      forex.scanner   FOREX: Scanning 12 instruments at 14:23:21
2026-02-23 14:23:24  INFO      forex.scanner   FOREX scan done. 0 hammer-at-band signal(s).
2026-02-23 14:23:24  INFO      main            No hammer at band right now.
2026-02-23 14:38:30  INFO      main            ──────────────────────────────────────────────────
2026-02-23 14:38:30  INFO      main            FOREX scan at 14:38:30
2026-02-23 14:38:30  INFO      main            ──────────────────────────────────────────────────
2026-02-23 14:38:30  INFO      forex.scanner   FOREX: Scanning 12 instruments at 14:38:30
2026-02-23 14:38:33  INFO      forex.scanner   FOREX scan done. 0 hammer-at-band signal(s).
2026-02-23 14:38:33  INFO      main            No hammer at band right now.
2026-02-23 14:53:35  INFO      main            ──────────────────────────────────────────────────
2026-02-23 14:53:35  INFO      main            FOREX scan at 14:53:35
2026-02-23 14:53:35  INFO      main            ──────────────────────────────────────────────────
2026-02-23 14:53:35  INFO      forex.scanner   FOREX: Scanning 12 instruments at 14:53:35
2026-02-23 14:53:38  INFO      forex.scanner   FOREX scan done. 0 hammer-at-band signal(s).
2026-02-23 14:53:38  INFO      main            No hammer at band right now.
2026-02-23 15:08:45  INFO      main            ──────────────────────────────────────────────────
2026-02-23 15:08:45  INFO      main            FOREX scan at 15:08:45
2026-02-23 15:08:45  INFO      main            ──────────────────────────────────────────────────
2026-02-23 15:08:45  INFO      forex.scanner   FOREX: Scanning 12 instruments at 15:08:45
2026-02-23 15:08:48  INFO      forex.scanner   FOREX scan done. 0 hammer-at-band signal(s).
2026-02-23 15:08:48  INFO      main            No hammer at band right now.
2026-02-23 15:23:54  INFO      main            ──────────────────────────────────────────────────
2026-02-23 15:23:54  INFO      main            FOREX scan at 15:23:54
2026-02-23 15:23:54  INFO      main            ──────────────────────────────────────────────────
2026-02-23 15:23:54  INFO      forex.scanner   FOREX: Scanning 12 instruments at 15:23:54
2026-02-23 15:23:57  INFO      forex.scanner   FOREX scan done. 0 hammer-at-band signal(s).
2026-02-23 15:23:57  INFO      main            No hammer at band right now.
2026-02-23 15:39:03  INFO      main            ──────────────────────────────────────────────────
2026-02-23 15:39:03  INFO      main            FOREX scan at 15:39:03
2026-02-23 15:39:03  INFO      main            ──────────────────────────────────────────────────
2026-02-23 15:39:03  INFO      forex.scanner   FOREX: Scanning 12 instruments at 15:39:03
2026-02-23 15:39:06  INFO      forex.scanner   FOREX scan done. 0 hammer-at-band signal(s).
2026-02-23 15:39:06  INFO      main            No hammer at band right now.
2026-02-23 15:54:13  INFO      main            ──────────────────────────────────────────────────
2026-02-23 15:54:13  INFO      main            FOREX scan at 15:54:13
2026-02-23 15:54:13  INFO      main            ──────────────────────────────────────────────────
2026-02-23 15:54:13  INFO      forex.scanner   FOREX: Scanning 12 instruments at 15:54:13
2026-02-23 15:54:15  INFO      forex.scanner   FOREX scan done. 0 hammer-at-band signal(s).
2026-02-23 15:54:15  INFO      main            No hammer at band right now.
2026-02-23 16:09:22  INFO      main            ──────────────────────────────────────────────────
2026-02-23 16:09:22  INFO      main            FOREX scan at 16:09:22
2026-02-23 16:09:22  INFO      main            ──────────────────────────────────────────────────
2026-02-23 16:09:22  INFO      forex.scanner   FOREX: Scanning 12 instruments at 16:09:22
2026-02-23 16:09:24  INFO      forex.scanner   FOREX scan done. 0 hammer-at-band signal(s).
2026-02-23 16:09:24  INFO      main            No hammer at band right now.
2026-02-23 16:24:31  INFO      main            ──────────────────────────────────────────────────
2026-02-23 16:24:31  INFO      main            FOREX scan at 16:24:31
2026-02-23 16:24:31  INFO      main            ──────────────────────────────────────────────────
2026-02-23 16:24:31  INFO      forex.scanner   FOREX: Scanning 12 instruments at 16:24:31
2026-02-23 16:24:33  INFO      forex.scanner   FOREX scan done. 0 hammer-at-band signal(s).
2026-02-23 16:24:33  INFO      main            No hammer at band right now.
2026-02-23 16:39:40  INFO      main            ──────────────────────────────────────────────────
2026-02-23 16:39:40  INFO      main            FOREX scan at 16:39:40
2026-02-23 16:39:40  INFO      main            ──────────────────────────────────────────────────
2026-02-23 16:39:40  INFO      forex.scanner   FOREX: Scanning 12 instruments at 16:39:40
2026-02-23 16:39:42  INFO      forex.scanner   FOREX scan done. 0 hammer-at-band signal(s).
2026-02-23 16:39:42  INFO      main            No hammer at band right now.
2026-02-23 16:54:49  INFO      main            ──────────────────────────────────────────────────
2026-02-23 16:54:49  INFO      main            FOREX scan at 16:54:49
2026-02-23 16:54:49  INFO      main            ──────────────────────────────────────────────────
2026-02-23 16:54:49  INFO      forex.scanner   FOREX: Scanning 12 instruments at 16:54:49
2026-02-23 16:54:51  INFO      forex.scanner   FOREX scan done. 0 hammer-at-band signal(s).
2026-02-23 16:54:51  INFO      main            No hammer at band right now.
2026-02-23 17:09:58  INFO      main            ──────────────────────────────────────────────────
2026-02-23 17:09:58  INFO      main            FOREX scan at 17:09:58
2026-02-23 17:09:58  INFO      main            ──────────────────────────────────────────────────
2026-02-23 17:09:58  INFO      forex.scanner   FOREX: Scanning 12 instruments at 17:09:58
2026-02-23 17:10:01  INFO      forex.scanner   FOREX scan done. 0 hammer-at-band signal(s).
2026-02-23 17:10:01  INFO      main            No hammer at band right now.
2026-02-23 17:25:01  INFO      main            ──────────────────────────────────────────────────
2026-02-23 17:25:01  INFO      main            FOREX scan at 17:25:01
2026-02-23 17:25:01  INFO      main            ──────────────────────────────────────────────────
2026-02-23 17:25:01  INFO      forex.scanner   FOREX: Scanning 12 instruments at 17:25:01
2026-02-23 17:25:04  INFO      forex.scanner   FOREX scan done. 0 hammer-at-band signal(s).
2026-02-23 17:25:04  INFO      main            No hammer at band right now.
2026-02-23 17:40:08  INFO      main            ──────────────────────────────────────────────────
2026-02-23 17:40:08  INFO      main            FOREX scan at 17:40:08
2026-02-23 17:40:08  INFO      main            ──────────────────────────────────────────────────
2026-02-23 17:40:08  INFO      forex.scanner   FOREX: Scanning 12 instruments at 17:40:08
2026-02-23 17:40:10  INFO      forex.scanner   FOREX scan done. 0 hammer-at-band signal(s).
2026-02-23 17:40:10  INFO      main            No hammer at band right now.
2026-02-23 17:55:19  INFO      main            ──────────────────────────────────────────────────
2026-02-23 17:55:19  INFO      main            FOREX scan at 17:55:19
2026-02-23 17:55:19  INFO      main            ──────────────────────────────────────────────────
2026-02-23 17:55:19  INFO      forex.scanner   FOREX: Scanning 12 instruments at 17:55:19
2026-02-23 17:55:21  INFO      forex.scanner   FOREX scan done. 0 hammer-at-band signal(s).
2026-02-23 17:55:21  INFO      main            No hammer at band right now.
2026-02-23 18:10:29  INFO      main            ──────────────────────────────────────────────────
2026-02-23 18:10:29  INFO      main            FOREX scan at 18:10:29
2026-02-23 18:10:29  INFO      main            ──────────────────────────────────────────────────
2026-02-23 18:10:29  INFO      forex.scanner   FOREX: Scanning 12 instruments at 18:10:29
2026-02-23 18:10:32  INFO      forex.scanner   FOREX scan done. 0 hammer-at-band signal(s).
2026-02-23 18:10:32  INFO      main            No hammer at band right now.
2026-02-23 18:25:39  INFO      main            ──────────────────────────────────────────────────
2026-02-23 18:25:39  INFO      main            FOREX scan at 18:25:39
2026-02-23 18:25:39  INFO      main            ──────────────────────────────────────────────────
2026-02-23 18:25:39  INFO      forex.scanner   FOREX: Scanning 12 instruments at 18:25:39
2026-02-23 18:25:41  INFO      forex.scanner   FOREX scan done. 0 hammer-at-band signal(s).
2026-02-23 18:25:41  INFO      main            No hammer at band right now.
2026-02-23 18:40:48  INFO      main            ──────────────────────────────────────────────────
2026-02-23 18:40:48  INFO      main            FOREX scan at 18:40:48
2026-02-23 18:40:48  INFO      main            ──────────────────────────────────────────────────
2026-02-23 18:40:48  INFO      forex.scanner   FOREX: Scanning 12 instruments at 18:40:48
2026-02-23 18:40:50  INFO      forex.scanner   FOREX scan done. 0 hammer-at-band signal(s).
2026-02-23 18:40:50  INFO      main            No hammer at band right now.
2026-02-23 18:55:57  INFO      main            ──────────────────────────────────────────────────
2026-02-23 18:55:57  INFO      main            FOREX scan at 18:55:57
2026-02-23 18:55:57  INFO      main            ──────────────────────────────────────────────────
2026-02-23 18:55:57  INFO      forex.scanner   FOREX: Scanning 12 instruments at 18:55:57
2026-02-23 18:55:59  INFO      forex.scanner   FOREX scan done. 0 hammer-at-band signal(s).
2026-02-23 18:55:59  INFO      main            No hammer at band right now.
2026-02-23 19:11:06  INFO      main            ──────────────────────────────────────────────────
2026-02-23 19:11:06  INFO      main            FOREX scan at 19:11:06
2026-02-23 19:11:06  INFO      main            ──────────────────────────────────────────────────
2026-02-23 19:11:06  INFO      forex.scanner   FOREX: Scanning 12 instruments at 19:11:06
2026-02-23 19:11:09  INFO      forex.scanner   FOREX scan done. 0 hammer-at-band signal(s).
2026-02-23 19:11:09  INFO      main            No hammer at band right now.
2026-02-23 19:26:10  INFO      main            ──────────────────────────────────────────────────
2026-02-23 19:26:10  INFO      main            FOREX scan at 19:26:10
2026-02-23 19:26:10  INFO      main            ──────────────────────────────────────────────────
2026-02-23 19:26:10  INFO      forex.scanner   FOREX: Scanning 12 instruments at 19:26:10
2026-02-23 19:26:13  INFO      forex.scanner   FOREX scan done. 0 hammer-at-band signal(s).
2026-02-23 19:26:13  INFO      main            No hammer at band right now.
2026-02-23 19:41:21  INFO      main            ──────────────────────────────────────────────────
2026-02-23 19:41:21  INFO      main            FOREX scan at 19:41:21
2026-02-23 19:41:21  INFO      main            ──────────────────────────────────────────────────
2026-02-23 19:41:21  INFO      forex.scanner   FOREX: Scanning 12 instruments at 19:41:21
2026-02-23 19:41:24  INFO      forex.scanner   FOREX scan done. 0 hammer-at-band signal(s).
2026-02-23 19:41:24  INFO      main            No hammer at band right now.
